2023-11-04 13:06:52 - Отримання операції
2023-11-04 13:06:54 - Введено операцію: +
2023-11-04 13:06:54 - Отримання значення А
2023-11-04 13:06:55 - Введено значення a: 20.0
2023-11-04 13:06:55 - Отримання значення Б
2023-11-04 13:06:55 - Введено значення a: 20.0
2023-11-04 13:06:55 - Виконано додавання: 20.0 + 20.0 = 40.0
2023-11-04 13:06:55 - Введені дані: a = 20.0, b = 20.0, операція: +, результат: 40.0
2023-11-04 13:06:55 - Отримання операції
2023-11-04 13:06:58 - Введено операцію: /
2023-11-04 13:06:58 - Отримання значення А
2023-11-04 13:06:59 - Введено значення a: 0.0
2023-11-04 13:06:59 - Отримання значення Б
2023-11-04 13:06:59 - Введено значення a: 0.0
2023-11-04 13:06:59 - Спроба ділення на нуль
2023-11-04 13:06:59 - Введені дані: a = 0.0, b = 0.0, операція: /, результат: Ділення на нуль
2023-11-04 13:06:59 - Отримання операції
2023-11-04 13:07:04 - Введено операцію: -
2023-11-04 13:07:04 - Отримання значення А
2023-11-04 13:07:05 - Введено значення a: 10.0
2023-11-04 13:07:05 - Отримання значення Б
2023-11-04 13:07:07 - Введено значення a: 7.0
2023-11-04 13:07:07 - Виконано віднімання: 10.0 - 7.0 = 3.0
2023-11-04 13:07:07 - Введені дані: a = 10.0, b = 7.0, операція: -, результат: 3.0
2023-11-04 13:07:07 - Отримання операції
2023-11-04 13:07:09 - Введено операцію: Q
2023-11-04 13:07:09 - Завершення роботи програми
