2023-11-04 12:25:16 - Отримання операції
2023-11-04 12:25:23 - Введено операцію: +
2023-11-04 12:25:23 - Повернення операції
2023-11-04 12:25:23 - Отримання значення А
2023-11-04 12:25:27 - Отримання операції
2023-11-04 12:25:28 - Введено операцію: -
2023-11-04 12:25:28 - Повернення операції
2023-11-04 12:25:28 - Отримання значення А
2023-11-04 12:25:31 - Введено значення a: 20.0
2023-11-04 12:25:31 - Отримання значення Б
2023-11-04 12:25:32 - Введено значення a: 10.0
2023-11-04 12:25:32 - Виконано віднімання: 20.0 - 10.0 = 10.0
2023-11-04 12:25:32 - Введені дані: a = 20.0, b = 10.0, операція: -, результат: 10.0
2023-11-04 12:25:32 - Отримання операції
2023-11-04 12:25:36 - Введено операцію: 22
2023-11-04 12:25:39 - Введено операцію: /
2023-11-04 12:25:39 - Повернення операції
2023-11-04 12:25:39 - Отримання значення А
2023-11-04 12:25:42 - Введено значення a: 0.0
2023-11-04 12:25:42 - Отримання значення Б
2023-11-04 12:25:42 - Введено значення a: 0.0
2023-11-04 12:25:42 - Спроба ділення на нуль
2023-11-04 12:25:42 - Введені дані: a = 0.0, b = 0.0, операція: /, результат: Ділення на нуль
2023-11-04 12:25:42 - Отримання операції
2023-11-04 12:25:50 - Введено операцію: +
2023-11-04 12:25:50 - Повернення операції
2023-11-04 12:25:50 - Отримання значення А
2023-11-04 12:25:51 - Введено значення a: 20.0
2023-11-04 12:25:51 - Отримання значення Б
2023-11-04 12:25:52 - Введено значення a: 20.0
2023-11-04 12:25:52 - Виконано додавання: 20.0 + 20.0 = 40.0
2023-11-04 12:25:52 - Введені дані: a = 20.0, b = 20.0, операція: +, результат: 40.0
2023-11-04 12:25:52 - Отримання операції
2023-11-04 12:25:53 - Введено операцію: Q
2023-11-04 12:25:53 - Повернення операції
2023-11-04 12:25:53 - Завершення роботи програми
2023-11-04 13:12:07 - Отримання операції
2023-11-04 13:12:12 - Введено операцію: 20
2023-11-04 13:12:13 - Введено операцію: -
2023-11-04 13:12:13 - Повернення операції
2023-11-04 13:12:13 - Отримання значення А
2023-11-04 13:12:14 - Введено значення a: 20.0
2023-11-04 13:12:14 - Отримання значення Б
2023-11-04 13:12:15 - Введено значення a: 20.0
2023-11-04 13:12:15 - Введені дані: a = 20.0, b = 20.0, операція: -, результат: 0.0
2023-11-04 13:12:15 - Отримання операції
2023-11-04 13:12:17 - Введено операцію: /
2023-11-04 13:12:17 - Повернення операції
2023-11-04 13:12:17 - Отримання значення А
2023-11-04 13:12:19 - Введено значення a: 0.0
2023-11-04 13:12:19 - Отримання значення Б
2023-11-04 13:12:20 - Введено значення a: 0.0
2023-11-04 13:12:20 - Спроба ділення на нуль
2023-11-04 13:12:20 - Введені дані: a = 0.0, b = 0.0, операція: /, результат: Ділення на нуль
2023-11-04 13:12:20 - Отримання операції
2023-11-04 13:12:24 - Введено операцію: -
2023-11-04 13:12:24 - Повернення операції
2023-11-04 13:12:24 - Отримання значення А
2023-11-04 13:12:25 - Введено значення a: 33.0
2023-11-04 13:12:25 - Отримання значення Б
2023-11-04 13:12:26 - Введено значення a: 3.0
2023-11-04 13:12:26 - Введені дані: a = 33.0, b = 3.0, операція: -, результат: 30.0
2023-11-04 13:12:26 - Отримання операції
2023-11-04 13:12:30 - Введено операцію: 233
2023-11-04 13:12:32 - Введено операцію: -
2023-11-04 13:12:32 - Повернення операції
2023-11-04 13:12:32 - Отримання значення А
2023-11-04 13:12:34 - Введено значення a: 322.0
2023-11-04 13:12:34 - Отримання значення Б
2023-11-04 13:12:38 - Помилка невірного значення
2023-11-04 13:12:41 - Введено значення a: 43.0
2023-11-04 13:12:41 - Введені дані: a = 322.0, b = 43.0, операція: -, результат: 279.0
2023-11-04 13:12:41 - Отримання операції
2023-11-04 13:12:45 - Введено операцію: Q
2023-11-04 13:12:45 - Повернення операції
2023-11-04 13:12:45 - Завершення роботи програми
